<?xml version="1.0" encoding="UTF-8"?>
<!-- Generated by org.testng.reporters.JUnitXMLReporter -->
<testsuite hostname="DELHT480017" ignored="0" name="LoginTestNG" tests="8" failures="0" timestamp="01 Mar 2021 04:53:42 GMT" time="44.651" errors="0">
  <testcase name="verifyAppTitle" time="0.015" classname="com.qa.orangehrmlivePages.TitleofApplication"/>
  <testcase name="listofTextBox" time="0.032" classname="com.qa.orangehrmlivePages.TitleofApplication"/>
  <testcase name="listofLinks" time="0.045" classname="com.qa.orangehrmlivePages.TitleofApplication"/>
  <testcase name="listofImages" time="0.04" classname="com.qa.orangehrmlivePages.TitleofApplication"/>
  <testcase name="verifyinDashboard" time="8.149" classname="com.qa.orangehrmlivePages.TitleofApplication"/>
  <testcase name="clickAdminLinkandVerifyMenues" time="6.22" classname="com.qa.orangehrmlivePages.TitleofApplication"/>
  <testcase name="clickAdminandVerifyTitle" time="17.11" classname="com.qa.orangehrmlivePages.TitleofApplication"/>
  <testcase name="readDashboard" time="1.059" classname="com.qa.orangehrmlivePages.TitleofApplication"/>
</testsuite> <!-- LoginTestNG -->
