<?xml version="1.0" encoding="UTF-8"?>
<!-- Generated by org.testng.reporters.JUnitXMLReporter -->
<testsuite hostname="DELHT480017" ignored="0" name="TestOrangeHRMLiveApp" tests="2" failures="0" timestamp="02 Mar 2021 09:16:45 GMT" time="29.18" errors="0">
  <testcase name="verifyAppTitle" time="0.024" classname="com.qa.orangehrmliveTestscript.TestHRMApplication"/>
  <testcase name="loginHRM" time="6.22" classname="com.qa.orangehrmliveTestscript.TestHRMAppTC_13"/>
</testsuite> <!-- TestOrangeHRMLiveApp -->
