<?xml version="1.0" encoding="UTF-8"?>
<!-- Generated by org.testng.reporters.JUnitXMLReporter -->
<testsuite hostname="DELHT480017" ignored="0" name="TestOrangeHRMLiveApp" tests="2" failures="0" timestamp="03 Mar 2021 05:52:25 GMT" time="22.229" errors="0">
  <testcase name="verifyAppTitle" time="0.032" classname="com.qa.orangehrmliveTestscript.TestHRMApplicationLandingTC"/>
  <testcase name="verifyAppTitle" time="0.013" classname="com.qa.orangehrmliveTestscript.TestHRMAppLoginTC"/>
</testsuite> <!-- TestOrangeHRMLiveApp -->
