<?xml version="1.0" encoding="UTF-8"?>
<!-- Generated by org.testng.reporters.JUnitXMLReporter -->
<testsuite hostname="DELHT480017" ignored="0" name="TestOrangeHRMLiveApp Login" tests="4" failures="0" timestamp="03 Mar 2021 06:02:43 GMT" time="12.815" errors="0">
  <testcase name="verifyAppTitle" time="0.014" classname="com.qa.orangehrmliveTestscript.TestHRMAppLoginTC"/>
  <testcase name="listofTextBox" time="0.066" classname="com.qa.orangehrmliveTestscript.TestHRMAppLoginTC"/>
  <testcase name="listofLinks" time="0.025" classname="com.qa.orangehrmliveTestscript.TestHRMAppLoginTC"/>
  <testcase name="listofImages" time="0.022" classname="com.qa.orangehrmliveTestscript.TestHRMAppLoginTC"/>
</testsuite> <!-- TestOrangeHRMLiveApp Login -->
