<?xml version="1.0" encoding="UTF-8"?>
<!-- Generated by org.testng.reporters.JUnitXMLReporter -->
<testsuite hostname="DELHT480017" ignored="0" name="TestOrangeHRMLiveApp Landing" tests="11" failures="0" timestamp="03 Mar 2021 06:02:30 GMT" time="84.2" errors="0">
  <testcase name="verifyAppTitle" time="0.015" classname="com.qa.orangehrmliveTestscript.TestHRMApplicationLandingTC"/>
  <testcase name="listofTextBox" time="0.018" classname="com.qa.orangehrmliveTestscript.TestHRMApplicationLandingTC"/>
  <testcase name="listofLinks" time="0.021" classname="com.qa.orangehrmliveTestscript.TestHRMApplicationLandingTC"/>
  <testcase name="listofImages" time="0.029" classname="com.qa.orangehrmliveTestscript.TestHRMApplicationLandingTC"/>
  <testcase name="verifyinDashboard" time="6.726" classname="com.qa.orangehrmliveTestscript.TestHRMApplicationLandingTC"/>
  <testcase name="clickAdminLinkandVerifyMenues" time="17.182" classname="com.qa.orangehrmliveTestscript.TestHRMApplicationLandingTC"/>
  <testcase name="clickAdminandVerifyTitle" time="9.017" classname="com.qa.orangehrmliveTestscript.TestHRMApplicationLandingTC"/>
  <testcase name="readDashboard" time="0.875" classname="com.qa.orangehrmliveTestscript.TestHRMApplicationLandingTC"/>
  <testcase name="clickPIM_SearchEmp" time="5.441" classname="com.qa.orangehrmliveTestscript.TestHRMApplicationLandingTC"/>
  <testcase name="cssMenus_Dashboard3Obj" time="12.715" classname="com.qa.orangehrmliveTestscript.TestHRMApplicationLandingTC"/>
  <testcase name="xpathMenus" time="15.713" classname="com.qa.orangehrmliveTestscript.TestHRMApplicationLandingTC"/>
</testsuite> <!-- TestOrangeHRMLiveApp Landing -->
