<?xml version="1.0" encoding="UTF-8"?>
<!-- Generated by org.testng.reporters.JUnitXMLReporter -->
<testsuite hostname="DELHT480017" ignored="0" name="TestOrangeHRMLiveApp LoginPg" tests="4" failures="0" timestamp="07 Mar 2021 02:02:07 GMT" time="19.036" errors="0">
  <testcase name="verifyAppTitle" time="0.018" classname="com.qa.orangehrmliveTestscript.TestHRMAppLoginTC"/>
  <testcase name="listofTextBox" time="0.112" classname="com.qa.orangehrmliveTestscript.TestHRMAppLoginTC"/>
  <testcase name="listofLinks" time="0.037" classname="com.qa.orangehrmliveTestscript.TestHRMAppLoginTC"/>
  <testcase name="listofImages" time="0.045" classname="com.qa.orangehrmliveTestscript.TestHRMAppLoginTC"/>
</testsuite> <!-- TestOrangeHRMLiveApp LoginPg -->
