<?xml version="1.0" encoding="UTF-8"?>
<!-- Generated by org.testng.reporters.JUnitXMLReporter -->
<testsuite hostname="DELHT480017" ignored="0" name="TestOrangeHRMLiveApp LandingPg" tests="7" failures="0" timestamp="07 Mar 2021 02:03:13 GMT" time="66.012" errors="0">
  <testcase name="verifyinDashboard" time="8.476" classname="com.qa.orangehrmliveTestscript.TestHRMApplicationLandingTC"/>
  <testcase name="clickAdminLinkandVerifyMenues" time="2.904" classname="com.qa.orangehrmliveTestscript.TestHRMApplicationLandingTC"/>
  <testcase name="clickAdminandVerifyTitle" time="15.599" classname="com.qa.orangehrmliveTestscript.TestHRMApplicationLandingTC"/>
  <testcase name="readDashboard" time="1.018" classname="com.qa.orangehrmliveTestscript.TestHRMApplicationLandingTC"/>
  <testcase name="clickPIM_SearchEmp" time="2.383" classname="com.qa.orangehrmliveTestscript.TestHRMApplicationLandingTC"/>
  <testcase name="cssMenus_Dashboard3Obj" time="9.369" classname="com.qa.orangehrmliveTestscript.TestHRMApplicationLandingTC"/>
  <testcase name="xpathMenus" time="10.367" classname="com.qa.orangehrmliveTestscript.TestHRMApplicationLandingTC"/>
</testsuite> <!-- TestOrangeHRMLiveApp LandingPg -->
